\BOOKMARK [1][-]{section.1}{Introduction}{}% 1
\BOOKMARK [2][-]{subsection.1.1}{Background}{section.1}% 2
\BOOKMARK [2][-]{subsection.1.2}{Restatement\040of\040the\040Problems}{section.1}% 3
\BOOKMARK [1][-]{section.2}{Analysis\040of\040the\040Problems}{}% 4
\BOOKMARK [2][-]{subsection.2.1}{Analysis\040of\040the\040Problem\0401}{section.2}% 5
\BOOKMARK [2][-]{subsection.2.2}{Analysis\040of\040the\040Problem\0402}{section.2}% 6
\BOOKMARK [2][-]{subsection.2.3}{Analysis\040of\040the\040Problem\0403}{section.2}% 7
\BOOKMARK [2][-]{subsection.2.4}{Analysis\040of\040the\040Problem\0404}{section.2}% 8
\BOOKMARK [2][-]{subsection.2.5}{Analysis\040of\040the\040Problem\0405}{section.2}% 9
\BOOKMARK [1][-]{section.3}{Assumptions}{}% 10
\BOOKMARK [1][-]{section.4}{Symbol\040Description}{}% 11
\BOOKMARK [1][-]{section.5}{Model\040Establishment\040and\040Solution\040of\040Problem}{}% 12
\BOOKMARK [2][-]{subsection.5.1}{Problem\0401}{section.5}% 13
\BOOKMARK [3][-]{subsubsection.5.1.1}{Decomposition\040rate\040model}{subsection.5.1}% 14
\BOOKMARK [3][-]{subsubsection.5.1.2}{Solution\040of\040Problem\0401}{subsection.5.1}% 15
\BOOKMARK [2][-]{subsection.5.2}{Problem\0402}{section.5}% 16
\BOOKMARK [3][-]{subsubsection.5.2.1}{Interaction\040model}{subsection.5.2}% 17
\BOOKMARK [3][-]{subsubsection.5.2.2}{Solution\040of\040Problem\0402}{subsection.5.2}% 18
\BOOKMARK [2][-]{subsection.5.3}{Problem\0403}{section.5}% 19
\BOOKMARK [3][-]{subsubsection.5.3.1}{Dynamic\040interaction\040model}{subsection.5.3}% 20
\BOOKMARK [3][-]{subsubsection.5.3.2}{Solution\040of\040Problem\0403}{subsection.5.3}% 21
\BOOKMARK [2][-]{subsection.5.4}{Problem\0404}{section.5}% 22
\BOOKMARK [3][-]{subsubsection.5.4.1}{Species\040and\040environment\040prediction\040model}{subsection.5.4}% 23
\BOOKMARK [3][-]{subsubsection.5.4.2}{Solution\040of\040Problem\0404}{subsection.5.4}% 24
\BOOKMARK [2][-]{subsection.5.5}{Problem\0405}{section.5}% 25
\BOOKMARK [3][-]{subsubsection.5.5.1}{Fungal\040diversity\040model}{subsection.5.5}% 26
\BOOKMARK [3][-]{subsubsection.5.5.2}{Solution\040of\040Problem\0405}{subsection.5.5}% 27
\BOOKMARK [1][-]{section.6}{Article\040of\040results\040and\040discussions\040about\040fungi}{}% 28
